<?xml version="1.0" encoding="UTF-8"?>
<testng-results skipped="0" failed="0" ignored="0" total="3" passed="3">
  <reporter-output>
  </reporter-output>
  <suite name="Suite" duration-ms="12806" started-at="2021-01-31T09:00:23Z" finished-at="2021-01-31T09:00:36Z">
    <groups>
    </groups>
    <test name="ChromeTest" duration-ms="7360" started-at="2021-01-31T09:00:23Z" finished-at="2021-01-31T09:00:30Z">
      <class name="com.example.selenium.webdriver.test.TestModuleLogin">
        <test-method status="PASS" signature="beforeTest(java.lang.String)[pri:0, instance:com.example.selenium.webdriver.test.TestModuleLogin@5d740a0f]" name="beforeTest" is-config="true" duration-ms="3430" started-at="2021-01-31T17:00:23Z" finished-at="2021-01-31T17:00:26Z">
          <params>
            <param index="0">
              <value>
                <![CDATA[Chrome]]>
              </value>
            </param>
          </params>
          <reporter-output>
          </reporter-output>
        </test-method> <!-- beforeTest -->
        <test-method status="PASS" signature="verifyTitle()[pri:0, instance:com.example.selenium.webdriver.test.TestModuleLogin@5d740a0f]" name="verifyTitle" duration-ms="3858" started-at="2021-01-31T17:00:26Z" finished-at="2021-01-31T17:00:30Z">
          <reporter-output>
          </reporter-output>
        </test-method> <!-- verifyTitle -->
        <test-method status="PASS" signature="afterTest()[pri:0, instance:com.example.selenium.webdriver.test.TestModuleLogin@5d740a0f]" name="afterTest" is-config="true" duration-ms="57" started-at="2021-01-31T17:00:30Z" finished-at="2021-01-31T17:00:30Z">
          <reporter-output>
          </reporter-output>
        </test-method> <!-- afterTest -->
      </class> <!-- com.example.selenium.webdriver.test.TestModuleLogin -->
    </test> <!-- ChromeTest -->
    <test name="FireFoxTest" duration-ms="7607" started-at="2021-01-31T09:00:23Z" finished-at="2021-01-31T09:00:30Z">
      <class name="com.example.selenium.webdriver.test.TestModuleLogin">
        <test-method status="PASS" signature="beforeTest(java.lang.String)[pri:0, instance:com.example.selenium.webdriver.test.TestModuleLogin@5ea434c8]" name="beforeTest" is-config="true" duration-ms="3451" started-at="2021-01-31T17:00:23Z" finished-at="2021-01-31T17:00:26Z">
          <params>
            <param index="0">
              <value>
                <![CDATA[Firefox]]>
              </value>
            </param>
          </params>
          <reporter-output>
          </reporter-output>
        </test-method> <!-- beforeTest -->
        <test-method status="PASS" signature="verifyTitle()[pri:0, instance:com.example.selenium.webdriver.test.TestModuleLogin@5ea434c8]" name="verifyTitle" duration-ms="3082" started-at="2021-01-31T17:00:26Z" finished-at="2021-01-31T17:00:29Z">
          <reporter-output>
          </reporter-output>
        </test-method> <!-- verifyTitle -->
        <test-method status="PASS" signature="afterTest()[pri:0, instance:com.example.selenium.webdriver.test.TestModuleLogin@5ea434c8]" name="afterTest" is-config="true" duration-ms="1068" started-at="2021-01-31T17:00:29Z" finished-at="2021-01-31T17:00:30Z">
          <reporter-output>
          </reporter-output>
        </test-method> <!-- afterTest -->
      </class> <!-- com.example.selenium.webdriver.test.TestModuleLogin -->
    </test> <!-- FireFoxTest -->
    <test name="EdgeTest" duration-ms="5415" started-at="2021-01-31T09:00:30Z" finished-at="2021-01-31T09:00:36Z">
      <class name="com.example.selenium.webdriver.test.TestModuleLogin">
        <test-method status="PASS" signature="beforeTest(java.lang.String)[pri:0, instance:com.example.selenium.webdriver.test.TestModuleLogin@240237d2]" name="beforeTest" is-config="true" duration-ms="1314" started-at="2021-01-31T17:00:30Z" finished-at="2021-01-31T17:00:32Z">
          <params>
            <param index="0">
              <value>
                <![CDATA[Edge]]>
              </value>
            </param>
          </params>
          <reporter-output>
          </reporter-output>
        </test-method> <!-- beforeTest -->
        <test-method status="PASS" signature="verifyTitle()[pri:0, instance:com.example.selenium.webdriver.test.TestModuleLogin@240237d2]" name="verifyTitle" duration-ms="3985" started-at="2021-01-31T17:00:32Z" finished-at="2021-01-31T17:00:36Z">
          <reporter-output>
          </reporter-output>
        </test-method> <!-- verifyTitle -->
        <test-method status="PASS" signature="afterTest()[pri:0, instance:com.example.selenium.webdriver.test.TestModuleLogin@240237d2]" name="afterTest" is-config="true" duration-ms="115" started-at="2021-01-31T17:00:36Z" finished-at="2021-01-31T17:00:36Z">
          <reporter-output>
          </reporter-output>
        </test-method> <!-- afterTest -->
      </class> <!-- com.example.selenium.webdriver.test.TestModuleLogin -->
    </test> <!-- EdgeTest -->
  </suite> <!-- Suite -->
</testng-results>
